e:\graduationwork\graduationwork\roomchatserver\roomchatserver\x64\debug\roomchatserver.ilk
e:\graduationwork\graduationwork\roomchatserver\roomchatserver\x64\debug\roomchatserver.exe
e:\graduationwork\graduationwork\roomchatserver\roomchatserver\x64\debug\roomchatserver.pdb
e:\graduationwork\graduationwork\roomchatserver\roomchatserver\roomchatserver\x64\debug\vc140.pdb
e:\graduationwork\graduationwork\roomchatserver\roomchatserver\roomchatserver\x64\debug\vc140.idb
e:\graduationwork\graduationwork\roomchatserver\roomchatserver\roomchatserver\x64\debug\readhandler.obj
e:\graduationwork\graduationwork\roomchatserver\roomchatserver\roomchatserver\x64\debug\readynetwork.obj
e:\graduationwork\graduationwork\roomchatserver\roomchatserver\roomchatserver\x64\debug\writehandler.obj
e:\graduationwork\graduationwork\roomchatserver\roomchatserver\roomchatserver\x64\debug\actionnetwork.obj
e:\graduationwork\graduationwork\roomchatserver\roomchatserver\roomchatserver\x64\debug\channel.obj
e:\graduationwork\graduationwork\roomchatserver\roomchatserver\roomchatserver\x64\debug\channelhandler.obj
e:\graduationwork\graduationwork\roomchatserver\roomchatserver\roomchatserver\x64\debug\channelmanager.obj
e:\graduationwork\graduationwork\roomchatserver\roomchatserver\roomchatserver\x64\debug\commandcontroller.obj
e:\graduationwork\graduationwork\roomchatserver\roomchatserver\roomchatserver\x64\debug\link.obj
e:\graduationwork\graduationwork\roomchatserver\roomchatserver\roomchatserver\x64\debug\lobby.obj
e:\graduationwork\graduationwork\roomchatserver\roomchatserver\roomchatserver\x64\debug\mainproc.obj
e:\graduationwork\graduationwork\roomchatserver\roomchatserver\roomchatserver\x64\debug\room.obj
e:\graduationwork\graduationwork\roomchatserver\roomchatserver\roomchatserver\x64\debug\roomhandler.obj
e:\graduationwork\graduationwork\roomchatserver\roomchatserver\roomchatserver\x64\debug\roommanager.obj
e:\graduationwork\graduationwork\roomchatserver\roomchatserver\roomchatserver\x64\debug\graduationwork.pb.obj
e:\graduationwork\graduationwork\roomchatserver\roomchatserver\roomchatserver\x64\debug\roomchatserver.tlog\cl.command.1.tlog
e:\graduationwork\graduationwork\roomchatserver\roomchatserver\roomchatserver\x64\debug\roomchatserver.tlog\link.command.1.tlog
e:\graduationwork\graduationwork\roomchatserver\roomchatserver\roomchatserver\x64\debug\roomchatserver.tlog\cl.read.1.tlog
e:\graduationwork\graduationwork\roomchatserver\roomchatserver\roomchatserver\x64\debug\roomchatserver.tlog\link.read.2.tlog
e:\graduationwork\graduationwork\roomchatserver\roomchatserver\roomchatserver\x64\debug\roomchatserver.tlog\link.write.1.tlog
e:\graduationwork\graduationwork\roomchatserver\roomchatserver\roomchatserver\x64\debug\roomchatserver.tlog\cl.write.1.tlog
