i:\graduationwork\graduationwork\roomchatserver\roomchatserver\roomchatserver\roomchatserver\x64\debug\vc140.pdb
i:\graduationwork\graduationwork\roomchatserver\roomchatserver\roomchatserver\roomchatserver\x64\debug\vc140.idb
i:\graduationwork\graduationwork\roomchatserver\roomchatserver\roomchatserver\roomchatserver\x64\debug\card.obj
i:\graduationwork\graduationwork\roomchatserver\roomchatserver\roomchatserver\roomchatserver\x64\debug\cardmanager.obj
i:\graduationwork\graduationwork\roomchatserver\roomchatserver\roomchatserver\roomchatserver\x64\debug\channel.obj
i:\graduationwork\graduationwork\roomchatserver\roomchatserver\roomchatserver\roomchatserver\x64\debug\channelmanager.obj
i:\graduationwork\graduationwork\roomchatserver\roomchatserver\roomchatserver\roomchatserver\x64\debug\errorhandler.obj
i:\graduationwork\graduationwork\roomchatserver\roomchatserver\roomchatserver\roomchatserver\x64\debug\gachar.obj
i:\graduationwork\graduationwork\roomchatserver\roomchatserver\roomchatserver\roomchatserver\x64\debug\goods.obj
i:\graduationwork\graduationwork\roomchatserver\roomchatserver\roomchatserver\roomchatserver\x64\debug\guestlink.obj
i:\graduationwork\graduationwork\roomchatserver\roomchatserver\roomchatserver\roomchatserver\x64\debug\lobby.obj
i:\graduationwork\graduationwork\roomchatserver\roomchatserver\roomchatserver\roomchatserver\x64\debug\minidumphelp.obj
i:\graduationwork\graduationwork\roomchatserver\roomchatserver\roomchatserver\roomchatserver\x64\debug\mycardinfo.obj
i:\graduationwork\graduationwork\roomchatserver\roomchatserver\roomchatserver\roomchatserver\x64\debug\readhandler.obj
i:\graduationwork\graduationwork\roomchatserver\roomchatserver\roomchatserver\roomchatserver\x64\debug\roommanager.obj
i:\graduationwork\graduationwork\roomchatserver\roomchatserver\roomchatserver\roomchatserver\x64\debug\mainproc.obj
i:\graduationwork\graduationwork\roomchatserver\roomchatserver\roomchatserver\roomchatserver\x64\debug\readynetwork.obj
i:\graduationwork\graduationwork\roomchatserver\roomchatserver\roomchatserver\roomchatserver\x64\debug\link.obj
i:\graduationwork\graduationwork\roomchatserver\roomchatserver\roomchatserver\roomchatserver\x64\debug\commandcontroller.obj
i:\graduationwork\graduationwork\roomchatserver\roomchatserver\roomchatserver\roomchatserver\x64\debug\room.obj
i:\graduationwork\graduationwork\roomchatserver\roomchatserver\roomchatserver\roomchatserver\x64\debug\listener.obj
i:\graduationwork\graduationwork\roomchatserver\roomchatserver\roomchatserver\roomchatserver\x64\debug\writehandler.obj
i:\graduationwork\graduationwork\roomchatserver\roomchatserver\roomchatserver\roomchatserver\x64\debug\basicexcel.obj
i:\graduationwork\graduationwork\roomchatserver\roomchatserver\roomchatserver\roomchatserver\x64\debug\betting.obj
i:\graduationwork\graduationwork\roomchatserver\roomchatserver\roomchatserver\roomchatserver\x64\debug\roomchatserver.res
i:\graduationwork\graduationwork\roomchatserver\roomchatserver\roomchatserver\x64\debug\roomchatserver.ilk
i:\graduationwork\graduationwork\roomchatserver\roomchatserver\roomchatserver\x64\debug\roomchatserver.exe
i:\graduationwork\graduationwork\roomchatserver\roomchatserver\roomchatserver\x64\debug\roomchatserver.pdb
i:\graduationwork\graduationwork\roomchatserver\roomchatserver\roomchatserver\roomchatserver\x64\debug\roomchatserver.tlog\cl.read.1.tlog
i:\graduationwork\graduationwork\roomchatserver\roomchatserver\roomchatserver\roomchatserver\x64\debug\roomchatserver.tlog\cl.write.1.tlog
i:\graduationwork\graduationwork\roomchatserver\roomchatserver\roomchatserver\roomchatserver\x64\debug\roomchatserver.tlog\cl.command.1.tlog
i:\graduationwork\graduationwork\roomchatserver\roomchatserver\roomchatserver\roomchatserver\x64\debug\roomchatserver.tlog\rc.read.1.tlog
i:\graduationwork\graduationwork\roomchatserver\roomchatserver\roomchatserver\roomchatserver\x64\debug\roomchatserver.tlog\rc.write.1.tlog
i:\graduationwork\graduationwork\roomchatserver\roomchatserver\roomchatserver\roomchatserver\x64\debug\roomchatserver.tlog\rc.command.1.tlog
i:\graduationwork\graduationwork\roomchatserver\roomchatserver\roomchatserver\roomchatserver\x64\debug\roomchatserver.tlog\link.command.1.tlog
i:\graduationwork\graduationwork\roomchatserver\roomchatserver\roomchatserver\roomchatserver\x64\debug\roomchatserver.tlog\link.read.1.tlog
i:\graduationwork\graduationwork\roomchatserver\roomchatserver\roomchatserver\roomchatserver\x64\debug\roomchatserver.tlog\link.write.1.tlog
