  RoomManager.cpp
c:\program files (x86)\vc\include\xutility(893): error C2672: 'operator __surrogate_func': 일치하는 오버로드된 함수가 없습니다.
  c:\program files (x86)\vc\include\xutility(890): note: 컴파일 중인 함수 템플릿 인스턴스화 'bool std::_Debug_lt_pred<_Pr2&,CLink&,CLink&>(_Pr,_Ty1,_Ty2,std::_Dbfile_t,std::_Dbline_t) noexcept(<expr>)'에 대한 참조를 확인하십시오.
          with
          [
              _Pr2=std::less<void>,
              _Pr=std::less<void> &,
              _Ty1=CLink &,
              _Ty2=CLink &
          ]
  c:\program files (x86)\vc\include\list(1665): note: 컴파일 중인 함수 템플릿 인스턴스화 'void std::list<CLink,std::allocator<_Ty>>::_Merge1<std::less<void>>(std::list<_Ty,std::allocator<_Ty>> &,_Pr2 &&)'에 대한 참조를 확인하십시오.
          with
          [
              _Ty=CLink,
              _Pr2=std::less<void>
          ]
  c:\program files (x86)\vc\include\list(1665): note: 컴파일 중인 함수 템플릿 인스턴스화 'void std::list<CLink,std::allocator<_Ty>>::_Merge1<std::less<void>>(std::list<_Ty,std::allocator<_Ty>> &,_Pr2 &&)'에 대한 참조를 확인하십시오.
          with
          [
              _Ty=CLink,
              _Pr2=std::less<void>
          ]
  c:\program files (x86)\vc\include\list(1664): note: 클래스 템플릿 멤버 함수 'void std::list<CLink,std::allocator<_Ty>>::merge(std::list<_Ty,std::allocator<_Ty>> &)'을(를) 컴파일하고 있습니다.
          with
          [
              _Ty=CLink
          ]
  d:\graduationwork\graduationwork\roomchatserver\roomchatserver\roomchatserver\room.h(86): note: 컴파일 중인 함수 템플릿 인스턴스화 'void std::list<CLink,std::allocator<_Ty>>::merge(std::list<_Ty,std::allocator<_Ty>> &)'에 대한 참조를 확인하십시오.
          with
          [
              _Ty=CLink
          ]
  d:\graduationwork\graduationwork\roomchatserver\roomchatserver\roomchatserver\channel.h(9): note: 컴파일 중인 클래스 템플릿 인스턴스화 'std::list<CLink,std::allocator<_Ty>>'에 대한 참조를 확인하십시오.
          with
          [
              _Ty=CLink
          ]
c:\program files (x86)\vc\include\xutility(893): error C2893: 'unknown-type std::less<void>::operator ()(_Ty1 &&,_Ty2 &&) const' 함수 템플릿을 특수화하지 못했습니다.
  c:\program files (x86)\vc\include\xutility(893): note: 다음 템플릿 인수 사용:
  c:\program files (x86)\vc\include\xutility(893): note: '_Ty1=CLink &'
  c:\program files (x86)\vc\include\xutility(893): note: '_Ty2=CLink &'
c:\program files (x86)\vc\include\xutility(893): error C2056: 식이 잘못되었습니다.
  RoomHandler.cpp
c:\program files (x86)\vc\include\xutility(893): error C2672: 'operator __surrogate_func': 일치하는 오버로드된 함수가 없습니다.
  c:\program files (x86)\vc\include\xutility(890): note: 컴파일 중인 함수 템플릿 인스턴스화 'bool std::_Debug_lt_pred<_Pr2&,CLink&,CLink&>(_Pr,_Ty1,_Ty2,std::_Dbfile_t,std::_Dbline_t) noexcept(<expr>)'에 대한 참조를 확인하십시오.
          with
          [
              _Pr2=std::less<void>,
              _Pr=std::less<void> &,
              _Ty1=CLink &,
              _Ty2=CLink &
          ]
  c:\program files (x86)\vc\include\list(1665): note: 컴파일 중인 함수 템플릿 인스턴스화 'void std::list<CLink,std::allocator<_Ty>>::_Merge1<std::less<void>>(std::list<_Ty,std::allocator<_Ty>> &,_Pr2 &&)'에 대한 참조를 확인하십시오.
          with
          [
              _Ty=CLink,
              _Pr2=std::less<void>
          ]
  c:\program files (x86)\vc\include\list(1665): note: 컴파일 중인 함수 템플릿 인스턴스화 'void std::list<CLink,std::allocator<_Ty>>::_Merge1<std::less<void>>(std::list<_Ty,std::allocator<_Ty>> &,_Pr2 &&)'에 대한 참조를 확인하십시오.
          with
          [
              _Ty=CLink,
              _Pr2=std::less<void>
          ]
  c:\program files (x86)\vc\include\list(1664): note: 클래스 템플릿 멤버 함수 'void std::list<CLink,std::allocator<_Ty>>::merge(std::list<_Ty,std::allocator<_Ty>> &)'을(를) 컴파일하고 있습니다.
          with
          [
              _Ty=CLink
          ]
  d:\graduationwork\graduationwork\roomchatserver\roomchatserver\roomchatserver\room.h(86): note: 컴파일 중인 함수 템플릿 인스턴스화 'void std::list<CLink,std::allocator<_Ty>>::merge(std::list<_Ty,std::allocator<_Ty>> &)'에 대한 참조를 확인하십시오.
          with
          [
              _Ty=CLink
          ]
  d:\graduationwork\graduationwork\roomchatserver\roomchatserver\roomchatserver\channel.h(9): note: 컴파일 중인 클래스 템플릿 인스턴스화 'std::list<CLink,std::allocator<_Ty>>'에 대한 참조를 확인하십시오.
          with
          [
              _Ty=CLink
          ]
c:\program files (x86)\vc\include\xutility(893): error C2893: 'unknown-type std::less<void>::operator ()(_Ty1 &&,_Ty2 &&) const' 함수 템플릿을 특수화하지 못했습니다.
  c:\program files (x86)\vc\include\xutility(893): note: 다음 템플릿 인수 사용:
  c:\program files (x86)\vc\include\xutility(893): note: '_Ty1=CLink &'
  c:\program files (x86)\vc\include\xutility(893): note: '_Ty2=CLink &'
c:\program files (x86)\vc\include\xutility(893): error C2056: 식이 잘못되었습니다.
  Room.cpp
c:\program files (x86)\vc\include\xutility(893): error C2672: 'operator __surrogate_func': 일치하는 오버로드된 함수가 없습니다.
  c:\program files (x86)\vc\include\xutility(890): note: 컴파일 중인 함수 템플릿 인스턴스화 'bool std::_Debug_lt_pred<_Pr2&,CLink&,CLink&>(_Pr,_Ty1,_Ty2,std::_Dbfile_t,std::_Dbline_t) noexcept(<expr>)'에 대한 참조를 확인하십시오.
          with
          [
              _Pr2=std::less<void>,
              _Pr=std::less<void> &,
              _Ty1=CLink &,
              _Ty2=CLink &
          ]
  c:\program files (x86)\vc\include\list(1665): note: 컴파일 중인 함수 템플릿 인스턴스화 'void std::list<CLink,std::allocator<_Ty>>::_Merge1<std::less<void>>(std::list<_Ty,std::allocator<_Ty>> &,_Pr2 &&)'에 대한 참조를 확인하십시오.
          with
          [
              _Ty=CLink,
              _Pr2=std::less<void>
          ]
  c:\program files (x86)\vc\include\list(1665): note: 컴파일 중인 함수 템플릿 인스턴스화 'void std::list<CLink,std::allocator<_Ty>>::_Merge1<std::less<void>>(std::list<_Ty,std::allocator<_Ty>> &,_Pr2 &&)'에 대한 참조를 확인하십시오.
          with
          [
              _Ty=CLink,
              _Pr2=std::less<void>
          ]
  c:\program files (x86)\vc\include\list(1664): note: 클래스 템플릿 멤버 함수 'void std::list<CLink,std::allocator<_Ty>>::merge(std::list<_Ty,std::allocator<_Ty>> &)'을(를) 컴파일하고 있습니다.
          with
          [
              _Ty=CLink
          ]
  d:\graduationwork\graduationwork\roomchatserver\roomchatserver\roomchatserver\room.h(86): note: 컴파일 중인 함수 템플릿 인스턴스화 'void std::list<CLink,std::allocator<_Ty>>::merge(std::list<_Ty,std::allocator<_Ty>> &)'에 대한 참조를 확인하십시오.
          with
          [
              _Ty=CLink
          ]
  d:\graduationwork\graduationwork\roomchatserver\roomchatserver\roomchatserver\channel.h(9): note: 컴파일 중인 클래스 템플릿 인스턴스화 'std::list<CLink,std::allocator<_Ty>>'에 대한 참조를 확인하십시오.
          with
          [
              _Ty=CLink
          ]
c:\program files (x86)\vc\include\xutility(893): error C2893: 'unknown-type std::less<void>::operator ()(_Ty1 &&,_Ty2 &&) const' 함수 템플릿을 특수화하지 못했습니다.
  c:\program files (x86)\vc\include\xutility(893): note: 다음 템플릿 인수 사용:
  c:\program files (x86)\vc\include\xutility(893): note: '_Ty1=CLink &'
  c:\program files (x86)\vc\include\xutility(893): note: '_Ty2=CLink &'
c:\program files (x86)\vc\include\xutility(893): error C2056: 식이 잘못되었습니다.
  MainProc.cpp
c:\program files (x86)\vc\include\xutility(893): error C2672: 'operator __surrogate_func': 일치하는 오버로드된 함수가 없습니다.
  c:\program files (x86)\vc\include\xutility(890): note: 컴파일 중인 함수 템플릿 인스턴스화 'bool std::_Debug_lt_pred<_Pr2&,CLink&,CLink&>(_Pr,_Ty1,_Ty2,std::_Dbfile_t,std::_Dbline_t) noexcept(<expr>)'에 대한 참조를 확인하십시오.
          with
          [
              _Pr2=std::less<void>,
              _Pr=std::less<void> &,
              _Ty1=CLink &,
              _Ty2=CLink &
          ]
  c:\program files (x86)\vc\include\list(1665): note: 컴파일 중인 함수 템플릿 인스턴스화 'void std::list<CLink,std::allocator<_Ty>>::_Merge1<std::less<void>>(std::list<_Ty,std::allocator<_Ty>> &,_Pr2 &&)'에 대한 참조를 확인하십시오.
          with
          [
              _Ty=CLink,
              _Pr2=std::less<void>
          ]
  c:\program files (x86)\vc\include\list(1665): note: 컴파일 중인 함수 템플릿 인스턴스화 'void std::list<CLink,std::allocator<_Ty>>::_Merge1<std::less<void>>(std::list<_Ty,std::allocator<_Ty>> &,_Pr2 &&)'에 대한 참조를 확인하십시오.
          with
          [
              _Ty=CLink,
              _Pr2=std::less<void>
          ]
  c:\program files (x86)\vc\include\list(1664): note: 클래스 템플릿 멤버 함수 'void std::list<CLink,std::allocator<_Ty>>::merge(std::list<_Ty,std::allocator<_Ty>> &)'을(를) 컴파일하고 있습니다.
          with
          [
              _Ty=CLink
          ]
  d:\graduationwork\graduationwork\roomchatserver\roomchatserver\roomchatserver\room.h(86): note: 컴파일 중인 함수 템플릿 인스턴스화 'void std::list<CLink,std::allocator<_Ty>>::merge(std::list<_Ty,std::allocator<_Ty>> &)'에 대한 참조를 확인하십시오.
          with
          [
              _Ty=CLink
          ]
  d:\graduationwork\graduationwork\roomchatserver\roomchatserver\roomchatserver\channel.h(9): note: 컴파일 중인 클래스 템플릿 인스턴스화 'std::list<CLink,std::allocator<_Ty>>'에 대한 참조를 확인하십시오.
          with
          [
              _Ty=CLink
          ]
c:\program files (x86)\vc\include\xutility(893): error C2893: 'unknown-type std::less<void>::operator ()(_Ty1 &&,_Ty2 &&) const' 함수 템플릿을 특수화하지 못했습니다.
  c:\program files (x86)\vc\include\xutility(893): note: 다음 템플릿 인수 사용:
  c:\program files (x86)\vc\include\xutility(893): note: '_Ty1=CLink &'
  c:\program files (x86)\vc\include\xutility(893): note: '_Ty2=CLink &'
c:\program files (x86)\vc\include\xutility(893): error C2056: 식이 잘못되었습니다.
  Link.cpp
c:\program files (x86)\vc\include\xutility(893): error C2672: 'operator __surrogate_func': 일치하는 오버로드된 함수가 없습니다.
  c:\program files (x86)\vc\include\xutility(890): note: 컴파일 중인 함수 템플릿 인스턴스화 'bool std::_Debug_lt_pred<_Pr2&,CLink&,CLink&>(_Pr,_Ty1,_Ty2,std::_Dbfile_t,std::_Dbline_t) noexcept(<expr>)'에 대한 참조를 확인하십시오.
          with
          [
              _Pr2=std::less<void>,
              _Pr=std::less<void> &,
              _Ty1=CLink &,
              _Ty2=CLink &
          ]
  c:\program files (x86)\vc\include\list(1665): note: 컴파일 중인 함수 템플릿 인스턴스화 'void std::list<CLink,std::allocator<_Ty>>::_Merge1<std::less<void>>(std::list<_Ty,std::allocator<_Ty>> &,_Pr2 &&)'에 대한 참조를 확인하십시오.
          with
          [
              _Ty=CLink,
              _Pr2=std::less<void>
          ]
  c:\program files (x86)\vc\include\list(1665): note: 컴파일 중인 함수 템플릿 인스턴스화 'void std::list<CLink,std::allocator<_Ty>>::_Merge1<std::less<void>>(std::list<_Ty,std::allocator<_Ty>> &,_Pr2 &&)'에 대한 참조를 확인하십시오.
          with
          [
              _Ty=CLink,
              _Pr2=std::less<void>
          ]
  c:\program files (x86)\vc\include\list(1664): note: 클래스 템플릿 멤버 함수 'void std::list<CLink,std::allocator<_Ty>>::merge(std::list<_Ty,std::allocator<_Ty>> &)'을(를) 컴파일하고 있습니다.
          with
          [
              _Ty=CLink
          ]
  d:\graduationwork\graduationwork\roomchatserver\roomchatserver\roomchatserver\room.h(86): note: 컴파일 중인 함수 템플릿 인스턴스화 'void std::list<CLink,std::allocator<_Ty>>::merge(std::list<_Ty,std::allocator<_Ty>> &)'에 대한 참조를 확인하십시오.
          with
          [
              _Ty=CLink
          ]
  d:\graduationwork\graduationwork\roomchatserver\roomchatserver\roomchatserver\channel.h(9): note: 컴파일 중인 클래스 템플릿 인스턴스화 'std::list<CLink,std::allocator<_Ty>>'에 대한 참조를 확인하십시오.
          with
          [
              _Ty=CLink
          ]
c:\program files (x86)\vc\include\xutility(893): error C2893: 'unknown-type std::less<void>::operator ()(_Ty1 &&,_Ty2 &&) const' 함수 템플릿을 특수화하지 못했습니다.
  c:\program files (x86)\vc\include\xutility(893): note: 다음 템플릿 인수 사용:
  c:\program files (x86)\vc\include\xutility(893): note: '_Ty1=CLink &'
  c:\program files (x86)\vc\include\xutility(893): note: '_Ty2=CLink &'
c:\program files (x86)\vc\include\xutility(893): error C2056: 식이 잘못되었습니다.
  CommandController.cpp
c:\program files (x86)\vc\include\xutility(893): error C2672: 'operator __surrogate_func': 일치하는 오버로드된 함수가 없습니다.
  c:\program files (x86)\vc\include\xutility(890): note: 컴파일 중인 함수 템플릿 인스턴스화 'bool std::_Debug_lt_pred<_Pr2&,CLink&,CLink&>(_Pr,_Ty1,_Ty2,std::_Dbfile_t,std::_Dbline_t) noexcept(<expr>)'에 대한 참조를 확인하십시오.
          with
          [
              _Pr2=std::less<void>,
              _Pr=std::less<void> &,
              _Ty1=CLink &,
              _Ty2=CLink &
          ]
  c:\program files (x86)\vc\include\list(1665): note: 컴파일 중인 함수 템플릿 인스턴스화 'void std::list<CLink,std::allocator<_Ty>>::_Merge1<std::less<void>>(std::list<_Ty,std::allocator<_Ty>> &,_Pr2 &&)'에 대한 참조를 확인하십시오.
          with
          [
              _Ty=CLink,
              _Pr2=std::less<void>
          ]
  c:\program files (x86)\vc\include\list(1665): note: 컴파일 중인 함수 템플릿 인스턴스화 'void std::list<CLink,std::allocator<_Ty>>::_Merge1<std::less<void>>(std::list<_Ty,std::allocator<_Ty>> &,_Pr2 &&)'에 대한 참조를 확인하십시오.
          with
          [
              _Ty=CLink,
              _Pr2=std::less<void>
          ]
  c:\program files (x86)\vc\include\list(1664): note: 클래스 템플릿 멤버 함수 'void std::list<CLink,std::allocator<_Ty>>::merge(std::list<_Ty,std::allocator<_Ty>> &)'을(를) 컴파일하고 있습니다.
          with
          [
              _Ty=CLink
          ]
  d:\graduationwork\graduationwork\roomchatserver\roomchatserver\roomchatserver\room.h(86): note: 컴파일 중인 함수 템플릿 인스턴스화 'void std::list<CLink,std::allocator<_Ty>>::merge(std::list<_Ty,std::allocator<_Ty>> &)'에 대한 참조를 확인하십시오.
          with
          [
              _Ty=CLink
          ]
  d:\graduationwork\graduationwork\roomchatserver\roomchatserver\roomchatserver\channel.h(9): note: 컴파일 중인 클래스 템플릿 인스턴스화 'std::list<CLink,std::allocator<_Ty>>'에 대한 참조를 확인하십시오.
          with
          [
              _Ty=CLink
          ]
c:\program files (x86)\vc\include\xutility(893): error C2893: 'unknown-type std::less<void>::operator ()(_Ty1 &&,_Ty2 &&) const' 함수 템플릿을 특수화하지 못했습니다.
  c:\program files (x86)\vc\include\xutility(893): note: 다음 템플릿 인수 사용:
  c:\program files (x86)\vc\include\xutility(893): note: '_Ty1=CLink &'
  c:\program files (x86)\vc\include\xutility(893): note: '_Ty2=CLink &'
c:\program files (x86)\vc\include\xutility(893): error C2056: 식이 잘못되었습니다.
  ActionNetWork.cpp
c:\program files (x86)\vc\include\xutility(893): error C2672: 'operator __surrogate_func': 일치하는 오버로드된 함수가 없습니다.
  c:\program files (x86)\vc\include\xutility(890): note: 컴파일 중인 함수 템플릿 인스턴스화 'bool std::_Debug_lt_pred<_Pr2&,CLink&,CLink&>(_Pr,_Ty1,_Ty2,std::_Dbfile_t,std::_Dbline_t) noexcept(<expr>)'에 대한 참조를 확인하십시오.
          with
          [
              _Pr2=std::less<void>,
              _Pr=std::less<void> &,
              _Ty1=CLink &,
              _Ty2=CLink &
          ]
  c:\program files (x86)\vc\include\list(1665): note: 컴파일 중인 함수 템플릿 인스턴스화 'void std::list<CLink,std::allocator<_Ty>>::_Merge1<std::less<void>>(std::list<_Ty,std::allocator<_Ty>> &,_Pr2 &&)'에 대한 참조를 확인하십시오.
          with
          [
              _Ty=CLink,
              _Pr2=std::less<void>
          ]
  c:\program files (x86)\vc\include\list(1665): note: 컴파일 중인 함수 템플릿 인스턴스화 'void std::list<CLink,std::allocator<_Ty>>::_Merge1<std::less<void>>(std::list<_Ty,std::allocator<_Ty>> &,_Pr2 &&)'에 대한 참조를 확인하십시오.
          with
          [
              _Ty=CLink,
              _Pr2=std::less<void>
          ]
  c:\program files (x86)\vc\include\list(1664): note: 클래스 템플릿 멤버 함수 'void std::list<CLink,std::allocator<_Ty>>::merge(std::list<_Ty,std::allocator<_Ty>> &)'을(를) 컴파일하고 있습니다.
          with
          [
              _Ty=CLink
          ]
  d:\graduationwork\graduationwork\roomchatserver\roomchatserver\roomchatserver\room.h(86): note: 컴파일 중인 함수 템플릿 인스턴스화 'void std::list<CLink,std::allocator<_Ty>>::merge(std::list<_Ty,std::allocator<_Ty>> &)'에 대한 참조를 확인하십시오.
          with
          [
              _Ty=CLink
          ]
  d:\graduationwork\graduationwork\roomchatserver\roomchatserver\roomchatserver\channel.h(9): note: 컴파일 중인 클래스 템플릿 인스턴스화 'std::list<CLink,std::allocator<_Ty>>'에 대한 참조를 확인하십시오.
          with
          [
              _Ty=CLink
          ]
c:\program files (x86)\vc\include\xutility(893): error C2893: 'unknown-type std::less<void>::operator ()(_Ty1 &&,_Ty2 &&) const' 함수 템플릿을 특수화하지 못했습니다.
  c:\program files (x86)\vc\include\xutility(893): note: 다음 템플릿 인수 사용:
  c:\program files (x86)\vc\include\xutility(893): note: '_Ty1=CLink &'
  c:\program files (x86)\vc\include\xutility(893): note: '_Ty2=CLink &'
c:\program files (x86)\vc\include\xutility(893): error C2056: 식이 잘못되었습니다.
  코드를 생성하고 있습니다...
  컴파일하고 있습니다...
  Channel.cpp
  코드를 생성하고 있습니다...
  컴파일하고 있습니다...
  ChannelManager.cpp
  ChannelHandler.cpp
  코드를 생성하고 있습니다...
